2024-09-11 15:57:26,407 MergeSort Debug Log
2024-09-11 15:57:26,431 Initial Arr: [18, 10, 2, 17, 15, 16, 7, 12, 12, 10, 4, 12, 19, 13, 4, 12, 7, 16, 11, 20]
2024-09-11 15:57:26,433 Before Arr: [18, 10, 2, 17, 15, 16, 7, 12, 12, 10, 4, 12, 19, 13, 4, 12, 7, 16, 11, 20]
2024-09-11 15:57:26,433 Half Arr: 10
2024-09-11 15:57:26,434 Before Arr: [18, 10, 2, 17, 15, 16, 7, 12, 12, 10]
2024-09-11 15:57:26,435 Half Arr: 5
2024-09-11 15:57:26,436 Before Arr: [18, 10, 2, 17, 15]
2024-09-11 15:57:26,436 Half Arr: 2
2024-09-11 15:57:26,437 Before Arr: [18, 10]
2024-09-11 15:57:26,438 Half Arr: 1
2024-09-11 15:57:26,467 Before Arr: [18]
2024-09-11 15:57:26,468 Before Arr: [10]
2024-09-11 15:57:26,469 Left Arr: [18]
2024-09-11 15:57:26,469 Right Arr: [10]
2024-09-11 15:57:26,470 Merge Arr: [10, 18]
2024-09-11 15:57:26,471 Before Arr: [2, 17, 15]
2024-09-11 15:57:26,471 Half Arr: 1
2024-09-11 15:57:26,472 Before Arr: [2]
2024-09-11 15:57:26,473 Before Arr: [17, 15]
2024-09-11 15:57:26,473 Half Arr: 1
2024-09-11 15:57:26,474 Before Arr: [17]
2024-09-11 15:57:26,475 Before Arr: [15]
2024-09-11 15:57:26,476 Left Arr: [17]
2024-09-11 15:57:26,477 Right Arr: [15]
2024-09-11 15:57:26,477 Merge Arr: [15, 17]
2024-09-11 15:57:26,478 Left Arr: [2]
2024-09-11 15:57:26,479 Right Arr: [15, 17]
2024-09-11 15:57:26,479 Merge Arr: [2, 15, 17]
2024-09-11 15:57:26,480 Left Arr: [10, 18]
2024-09-11 15:57:26,481 Right Arr: [2, 15, 17]
2024-09-11 15:57:26,481 Merge Arr: [2, 10, 15, 17, 18]
2024-09-11 15:57:26,482 Before Arr: [16, 7, 12, 12, 10]
2024-09-11 15:57:26,483 Half Arr: 2
2024-09-11 15:57:26,483 Before Arr: [16, 7]
2024-09-11 15:57:26,484 Half Arr: 1
2024-09-11 15:57:26,485 Before Arr: [16]
2024-09-11 15:57:26,485 Before Arr: [7]
2024-09-11 15:57:26,486 Left Arr: [16]
2024-09-11 15:57:26,487 Right Arr: [7]
2024-09-11 15:57:26,487 Merge Arr: [7, 16]
2024-09-11 15:57:26,488 Before Arr: [12, 12, 10]
2024-09-11 15:57:26,488 Half Arr: 1
2024-09-11 15:57:26,489 Before Arr: [12]
2024-09-11 15:57:26,490 Before Arr: [12, 10]
2024-09-11 15:57:26,490 Half Arr: 1
2024-09-11 15:57:26,491 Before Arr: [12]
2024-09-11 15:57:26,492 Before Arr: [10]
2024-09-11 15:57:26,492 Left Arr: [12]
2024-09-11 15:57:26,493 Right Arr: [10]
2024-09-11 15:57:26,493 Merge Arr: [10, 12]
2024-09-11 15:57:26,494 Left Arr: [12]
2024-09-11 15:57:26,495 Right Arr: [10, 12]
2024-09-11 15:57:26,496 Merge Arr: [10, 12, 12]
2024-09-11 15:57:26,496 Left Arr: [7, 16]
2024-09-11 15:57:26,497 Right Arr: [10, 12, 12]
2024-09-11 15:57:26,497 Merge Arr: [7, 10, 12, 12, 16]
2024-09-11 15:57:26,498 Left Arr: [2, 10, 15, 17, 18]
2024-09-11 15:57:26,498 Right Arr: [7, 10, 12, 12, 16]
2024-09-11 15:57:26,499 Merge Arr: [2, 7, 10, 10, 12, 12, 15, 16, 17, 18]
2024-09-11 15:57:26,500 Before Arr: [4, 12, 19, 13, 4, 12, 7, 16, 11, 20]
2024-09-11 15:57:26,500 Half Arr: 5
2024-09-11 15:57:26,501 Before Arr: [4, 12, 19, 13, 4]
2024-09-11 15:57:26,501 Half Arr: 2
2024-09-11 15:57:26,502 Before Arr: [4, 12]
2024-09-11 15:57:26,503 Half Arr: 1
2024-09-11 15:57:26,503 Before Arr: [4]
2024-09-11 15:57:26,504 Before Arr: [12]
2024-09-11 15:57:26,504 Left Arr: [4]
2024-09-11 15:57:26,505 Right Arr: [12]
2024-09-11 15:57:26,506 Merge Arr: [4, 12]
2024-09-11 15:57:26,506 Before Arr: [19, 13, 4]
2024-09-11 15:57:26,507 Half Arr: 1
2024-09-11 15:57:26,508 Before Arr: [19]
2024-09-11 15:57:26,508 Before Arr: [13, 4]
2024-09-11 15:57:26,509 Half Arr: 1
2024-09-11 15:57:26,509 Before Arr: [13]
2024-09-11 15:57:26,510 Before Arr: [4]
2024-09-11 15:57:26,511 Left Arr: [13]
2024-09-11 15:57:26,511 Right Arr: [4]
2024-09-11 15:57:26,512 Merge Arr: [4, 13]
2024-09-11 15:57:26,512 Left Arr: [19]
2024-09-11 15:57:26,513 Right Arr: [4, 13]
2024-09-11 15:57:26,514 Merge Arr: [4, 13, 19]
2024-09-11 15:57:26,514 Left Arr: [4, 12]
2024-09-11 15:57:26,515 Right Arr: [4, 13, 19]
2024-09-11 15:57:26,515 Merge Arr: [4, 4, 12, 13, 19]
2024-09-11 15:57:26,516 Before Arr: [12, 7, 16, 11, 20]
2024-09-11 15:57:26,516 Half Arr: 2
2024-09-11 15:57:26,517 Before Arr: [12, 7]
2024-09-11 15:57:26,518 Half Arr: 1
2024-09-11 15:57:26,518 Before Arr: [12]
2024-09-11 15:57:26,519 Before Arr: [7]
2024-09-11 15:57:26,519 Left Arr: [12]
2024-09-11 15:57:26,520 Right Arr: [7]
2024-09-11 15:57:26,521 Merge Arr: [7, 12]
2024-09-11 15:57:26,521 Before Arr: [16, 11, 20]
2024-09-11 15:57:26,522 Half Arr: 1
2024-09-11 15:57:26,523 Before Arr: [16]
2024-09-11 15:57:26,523 Before Arr: [11, 20]
2024-09-11 15:57:26,524 Half Arr: 1
2024-09-11 15:57:26,525 Before Arr: [11]
2024-09-11 15:57:26,525 Before Arr: [20]
2024-09-11 15:57:26,526 Left Arr: [11]
2024-09-11 15:57:26,526 Right Arr: [20]
2024-09-11 15:57:26,527 Merge Arr: [11, 20]
2024-09-11 15:57:26,528 Left Arr: [16]
2024-09-11 15:57:26,528 Right Arr: [11, 20]
2024-09-11 15:57:26,529 Merge Arr: [11, 16, 20]
2024-09-11 15:57:26,529 Left Arr: [7, 12]
2024-09-11 15:57:26,530 Right Arr: [11, 16, 20]
2024-09-11 15:57:26,531 Merge Arr: [7, 11, 12, 16, 20]
2024-09-11 15:57:26,532 Left Arr: [4, 4, 12, 13, 19]
2024-09-11 15:57:26,532 Right Arr: [7, 11, 12, 16, 20]
2024-09-11 15:57:26,533 Merge Arr: [4, 4, 7, 11, 12, 12, 13, 16, 19, 20]
2024-09-11 15:57:26,534 Left Arr: [2, 7, 10, 10, 12, 12, 15, 16, 17, 18]
2024-09-11 15:57:26,534 Right Arr: [4, 4, 7, 11, 12, 12, 13, 16, 19, 20]
2024-09-11 15:57:26,535 Merge Arr: [2, 4, 4, 7, 7, 10, 10, 11, 12, 12, 12, 12, 13, 15, 16, 16, 17, 18, 19, 20]
2024-09-11 16:12:24,963 MergeSort Debug Log
2024-09-11 16:12:24,986 Initial Arr: [12, 16, 12, 7, 18, 20, 14, 14, 14, 7, 16, 15, 10, 14, 14, 9, 17, 8, 10, 14]
2024-09-11 16:12:24,987 Before Arr: [12, 16, 12, 7, 18, 20, 14, 14, 14, 7, 16, 15, 10, 14, 14, 9, 17, 8, 10, 14]
2024-09-11 16:12:24,988 Half Arr Length: 10
2024-09-11 16:12:24,989 Before Arr: [12, 16, 12, 7, 18, 20, 14, 14, 14, 7]
2024-09-11 16:12:24,989 Half Arr Length: 5
2024-09-11 16:12:24,990 Before Arr: [12, 16, 12, 7, 18]
2024-09-11 16:12:24,990 Half Arr Length: 2
2024-09-11 16:12:24,991 Before Arr: [12, 16]
2024-09-11 16:12:24,991 Half Arr Length: 1
2024-09-11 16:12:24,992 Before Arr: [12]
2024-09-11 16:12:24,993 Before Arr: [16]
2024-09-11 16:12:24,993 Left Arr: [12]
2024-09-11 16:12:24,994 Right Arr: [16]
2024-09-11 16:12:24,994 Merge Arr: [12, 16]
2024-09-11 16:12:24,995 Before Arr: [12, 7, 18]
2024-09-11 16:12:24,996 Half Arr Length: 1
2024-09-11 16:12:24,996 Before Arr: [12]
2024-09-11 16:12:24,997 Before Arr: [7, 18]
2024-09-11 16:12:24,998 Half Arr Length: 1
2024-09-11 16:12:24,998 Before Arr: [7]
2024-09-11 16:12:24,999 Before Arr: [18]
2024-09-11 16:12:25,000 Left Arr: [7]
2024-09-11 16:12:25,000 Right Arr: [18]
2024-09-11 16:12:25,001 Merge Arr: [7, 18]
2024-09-11 16:12:25,001 Left Arr: [12]
2024-09-11 16:12:25,002 Right Arr: [7, 18]
2024-09-11 16:12:25,002 Merge Arr: [7, 12, 18]
2024-09-11 16:12:25,003 Left Arr: [12, 16]
2024-09-11 16:12:25,004 Right Arr: [7, 12, 18]
2024-09-11 16:12:25,004 Merge Arr: [7, 12, 12, 16, 18]
2024-09-11 16:12:25,005 Before Arr: [20, 14, 14, 14, 7]
2024-09-11 16:12:25,005 Half Arr Length: 2
2024-09-11 16:12:25,006 Before Arr: [20, 14]
2024-09-11 16:12:25,007 Half Arr Length: 1
2024-09-11 16:12:25,007 Before Arr: [20]
2024-09-11 16:12:25,008 Before Arr: [14]
2024-09-11 16:12:25,008 Left Arr: [20]
2024-09-11 16:12:25,009 Right Arr: [14]
2024-09-11 16:12:25,009 Merge Arr: [14, 20]
2024-09-11 16:12:25,010 Before Arr: [14, 14, 7]
2024-09-11 16:12:25,011 Half Arr Length: 1
2024-09-11 16:12:25,012 Before Arr: [14]
2024-09-11 16:12:25,012 Before Arr: [14, 7]
2024-09-11 16:12:25,014 Half Arr Length: 1
2024-09-11 16:12:25,014 Before Arr: [14]
2024-09-11 16:12:25,015 Before Arr: [7]
2024-09-11 16:12:25,015 Left Arr: [14]
2024-09-11 16:12:25,016 Right Arr: [7]
2024-09-11 16:12:25,016 Merge Arr: [7, 14]
2024-09-11 16:12:25,017 Left Arr: [14]
2024-09-11 16:12:25,017 Right Arr: [7, 14]
2024-09-11 16:12:25,018 Merge Arr: [7, 14, 14]
2024-09-11 16:12:25,018 Left Arr: [14, 20]
2024-09-11 16:12:25,019 Right Arr: [7, 14, 14]
2024-09-11 16:12:25,019 Merge Arr: [7, 14, 14, 14, 20]
2024-09-11 16:12:25,020 Left Arr: [7, 12, 12, 16, 18]
2024-09-11 16:12:25,020 Right Arr: [7, 14, 14, 14, 20]
2024-09-11 16:12:25,021 Merge Arr: [7, 7, 12, 12, 14, 14, 14, 16, 18, 20]
2024-09-11 16:12:25,021 Before Arr: [16, 15, 10, 14, 14, 9, 17, 8, 10, 14]
2024-09-11 16:12:25,022 Half Arr Length: 5
2024-09-11 16:12:25,022 Before Arr: [16, 15, 10, 14, 14]
2024-09-11 16:12:25,023 Half Arr Length: 2
2024-09-11 16:12:25,023 Before Arr: [16, 15]
2024-09-11 16:12:25,024 Half Arr Length: 1
2024-09-11 16:12:25,025 Before Arr: [16]
2024-09-11 16:12:25,025 Before Arr: [15]
2024-09-11 16:12:25,026 Left Arr: [16]
2024-09-11 16:12:25,027 Right Arr: [15]
2024-09-11 16:12:25,027 Merge Arr: [15, 16]
2024-09-11 16:12:25,028 Before Arr: [10, 14, 14]
2024-09-11 16:12:25,028 Half Arr Length: 1
2024-09-11 16:12:25,029 Before Arr: [10]
2024-09-11 16:12:25,029 Before Arr: [14, 14]
2024-09-11 16:12:25,030 Half Arr Length: 1
2024-09-11 16:12:25,030 Before Arr: [14]
2024-09-11 16:12:25,031 Before Arr: [14]
2024-09-11 16:12:25,031 Left Arr: [14]
2024-09-11 16:12:25,032 Right Arr: [14]
2024-09-11 16:12:25,032 Merge Arr: [14, 14]
2024-09-11 16:12:25,033 Left Arr: [10]
2024-09-11 16:12:25,033 Right Arr: [14, 14]
2024-09-11 16:12:25,034 Merge Arr: [10, 14, 14]
2024-09-11 16:12:25,034 Left Arr: [15, 16]
2024-09-11 16:12:25,035 Right Arr: [10, 14, 14]
2024-09-11 16:12:25,036 Merge Arr: [10, 14, 14, 15, 16]
2024-09-11 16:12:25,036 Before Arr: [9, 17, 8, 10, 14]
2024-09-11 16:12:25,037 Half Arr Length: 2
2024-09-11 16:12:25,038 Before Arr: [9, 17]
2024-09-11 16:12:25,038 Half Arr Length: 1
2024-09-11 16:12:25,039 Before Arr: [9]
2024-09-11 16:12:25,040 Before Arr: [17]
2024-09-11 16:12:25,040 Left Arr: [9]
2024-09-11 16:12:25,041 Right Arr: [17]
2024-09-11 16:12:25,042 Merge Arr: [9, 17]
2024-09-11 16:12:25,042 Before Arr: [8, 10, 14]
2024-09-11 16:12:25,043 Half Arr Length: 1
2024-09-11 16:12:25,043 Before Arr: [8]
2024-09-11 16:12:25,044 Before Arr: [10, 14]
2024-09-11 16:12:25,045 Half Arr Length: 1
2024-09-11 16:12:25,045 Before Arr: [10]
2024-09-11 16:12:25,046 Before Arr: [14]
2024-09-11 16:12:25,046 Left Arr: [10]
2024-09-11 16:12:25,047 Right Arr: [14]
2024-09-11 16:12:25,047 Merge Arr: [10, 14]
2024-09-11 16:12:25,048 Left Arr: [8]
2024-09-11 16:12:25,048 Right Arr: [10, 14]
2024-09-11 16:12:25,049 Merge Arr: [8, 10, 14]
2024-09-11 16:12:25,049 Left Arr: [9, 17]
2024-09-11 16:12:25,050 Right Arr: [8, 10, 14]
2024-09-11 16:12:25,050 Merge Arr: [8, 9, 10, 14, 17]
2024-09-11 16:12:25,051 Left Arr: [10, 14, 14, 15, 16]
2024-09-11 16:12:25,051 Right Arr: [8, 9, 10, 14, 17]
2024-09-11 16:12:25,052 Merge Arr: [8, 9, 10, 10, 14, 14, 14, 15, 16, 17]
2024-09-11 16:12:25,052 Left Arr: [7, 7, 12, 12, 14, 14, 14, 16, 18, 20]
2024-09-11 16:12:25,053 Right Arr: [8, 9, 10, 10, 14, 14, 14, 15, 16, 17]
2024-09-11 16:12:25,053 Merge Arr: [7, 7, 8, 9, 10, 10, 12, 12, 14, 14, 14, 14, 14, 14, 15, 16, 16, 17, 18, 20]
2024-09-11 16:12:27,552 MergeSort Debug Log
2024-09-11 16:12:27,574 Initial Arr: [4, 12, 20, 20, 1, 16, 17, 19, 7, 9, 1, 19, 16, 17, 7, 4, 11, 11, 1, 20]
2024-09-11 16:12:27,575 Before Arr: [4, 12, 20, 20, 1, 16, 17, 19, 7, 9, 1, 19, 16, 17, 7, 4, 11, 11, 1, 20]
2024-09-11 16:12:27,576 Half Arr Length: 10
2024-09-11 16:12:27,576 Before Arr: [4, 12, 20, 20, 1, 16, 17, 19, 7, 9]
2024-09-11 16:12:27,577 Half Arr Length: 5
2024-09-11 16:12:27,578 Before Arr: [4, 12, 20, 20, 1]
2024-09-11 16:12:27,609 Half Arr Length: 2
2024-09-11 16:12:27,609 Before Arr: [4, 12]
2024-09-11 16:12:27,610 Half Arr Length: 1
2024-09-11 16:12:27,611 Before Arr: [4]
2024-09-11 16:12:27,611 Before Arr: [12]
2024-09-11 16:12:27,612 Left Arr: [4]
2024-09-11 16:12:27,612 Right Arr: [12]
2024-09-11 16:12:27,613 Merge Arr: [4, 12]
2024-09-11 16:12:27,613 Before Arr: [20, 20, 1]
2024-09-11 16:12:27,614 Half Arr Length: 1
2024-09-11 16:12:27,614 Before Arr: [20]
2024-09-11 16:12:27,615 Before Arr: [20, 1]
2024-09-11 16:12:27,615 Half Arr Length: 1
2024-09-11 16:12:27,616 Before Arr: [20]
2024-09-11 16:12:27,616 Before Arr: [1]
2024-09-11 16:12:27,617 Left Arr: [20]
2024-09-11 16:12:27,618 Right Arr: [1]
2024-09-11 16:12:27,619 Merge Arr: [1, 20]
2024-09-11 16:12:27,620 Left Arr: [20]
2024-09-11 16:12:27,621 Right Arr: [1, 20]
2024-09-11 16:12:27,622 Merge Arr: [1, 20, 20]
2024-09-11 16:12:27,627 Left Arr: [4, 12]
2024-09-11 16:12:27,628 Right Arr: [1, 20, 20]
2024-09-11 16:12:27,629 Merge Arr: [1, 4, 12, 20, 20]
2024-09-11 16:12:27,631 Before Arr: [16, 17, 19, 7, 9]
2024-09-11 16:12:27,634 Half Arr Length: 2
2024-09-11 16:12:27,634 Before Arr: [16, 17]
2024-09-11 16:12:27,635 Half Arr Length: 1
2024-09-11 16:12:27,636 Before Arr: [16]
2024-09-11 16:12:27,637 Before Arr: [17]
2024-09-11 16:12:27,637 Left Arr: [16]
2024-09-11 16:12:27,638 Right Arr: [17]
2024-09-11 16:12:27,638 Merge Arr: [16, 17]
2024-09-11 16:12:27,639 Before Arr: [19, 7, 9]
2024-09-11 16:12:27,639 Half Arr Length: 1
2024-09-11 16:12:27,640 Before Arr: [19]
2024-09-11 16:12:27,640 Before Arr: [7, 9]
2024-09-11 16:12:27,641 Half Arr Length: 1
2024-09-11 16:12:27,641 Before Arr: [7]
2024-09-11 16:12:27,642 Before Arr: [9]
2024-09-11 16:12:27,642 Left Arr: [7]
2024-09-11 16:12:27,643 Right Arr: [9]
2024-09-11 16:12:27,643 Merge Arr: [7, 9]
2024-09-11 16:12:27,644 Left Arr: [19]
2024-09-11 16:12:27,644 Right Arr: [7, 9]
2024-09-11 16:12:27,645 Merge Arr: [7, 9, 19]
2024-09-11 16:12:27,645 Left Arr: [16, 17]
2024-09-11 16:12:27,645 Right Arr: [7, 9, 19]
2024-09-11 16:12:27,646 Merge Arr: [7, 9, 16, 17, 19]
2024-09-11 16:12:27,646 Left Arr: [1, 4, 12, 20, 20]
2024-09-11 16:12:27,647 Right Arr: [7, 9, 16, 17, 19]
2024-09-11 16:12:27,647 Merge Arr: [1, 4, 7, 9, 12, 16, 17, 19, 20, 20]
2024-09-11 16:12:27,648 Before Arr: [1, 19, 16, 17, 7, 4, 11, 11, 1, 20]
2024-09-11 16:12:27,648 Half Arr Length: 5
2024-09-11 16:12:27,649 Before Arr: [1, 19, 16, 17, 7]
2024-09-11 16:12:27,649 Half Arr Length: 2
2024-09-11 16:12:27,650 Before Arr: [1, 19]
2024-09-11 16:12:27,650 Half Arr Length: 1
2024-09-11 16:12:27,651 Before Arr: [1]
2024-09-11 16:12:27,651 Before Arr: [19]
2024-09-11 16:12:27,652 Left Arr: [1]
2024-09-11 16:12:27,652 Right Arr: [19]
2024-09-11 16:12:27,653 Merge Arr: [1, 19]
2024-09-11 16:12:27,653 Before Arr: [16, 17, 7]
2024-09-11 16:12:27,654 Half Arr Length: 1
2024-09-11 16:12:27,654 Before Arr: [16]
2024-09-11 16:12:27,655 Before Arr: [17, 7]
2024-09-11 16:12:27,655 Half Arr Length: 1
2024-09-11 16:12:27,656 Before Arr: [17]
2024-09-11 16:12:27,656 Before Arr: [7]
2024-09-11 16:12:27,657 Left Arr: [17]
2024-09-11 16:12:27,657 Right Arr: [7]
2024-09-11 16:12:27,658 Merge Arr: [7, 17]
2024-09-11 16:12:27,658 Left Arr: [16]
2024-09-11 16:12:27,659 Right Arr: [7, 17]
2024-09-11 16:12:27,659 Merge Arr: [7, 16, 17]
2024-09-11 16:12:27,660 Left Arr: [1, 19]
2024-09-11 16:12:27,660 Right Arr: [7, 16, 17]
2024-09-11 16:12:27,661 Merge Arr: [1, 7, 16, 17, 19]
2024-09-11 16:12:27,661 Before Arr: [4, 11, 11, 1, 20]
2024-09-11 16:12:27,662 Half Arr Length: 2
2024-09-11 16:12:27,662 Before Arr: [4, 11]
2024-09-11 16:12:27,663 Half Arr Length: 1
2024-09-11 16:12:27,663 Before Arr: [4]
2024-09-11 16:12:27,664 Before Arr: [11]
2024-09-11 16:12:27,665 Left Arr: [4]
2024-09-11 16:12:27,665 Right Arr: [11]
2024-09-11 16:12:27,666 Merge Arr: [4, 11]
2024-09-11 16:12:27,666 Before Arr: [11, 1, 20]
2024-09-11 16:12:27,667 Half Arr Length: 1
2024-09-11 16:12:27,667 Before Arr: [11]
2024-09-11 16:12:27,668 Before Arr: [1, 20]
2024-09-11 16:12:27,669 Half Arr Length: 1
2024-09-11 16:12:27,669 Before Arr: [1]
2024-09-11 16:12:27,670 Before Arr: [20]
2024-09-11 16:12:27,670 Left Arr: [1]
2024-09-11 16:12:27,671 Right Arr: [20]
2024-09-11 16:12:27,672 Merge Arr: [1, 20]
2024-09-11 16:12:27,672 Left Arr: [11]
2024-09-11 16:12:27,673 Right Arr: [1, 20]
2024-09-11 16:12:27,673 Merge Arr: [1, 11, 20]
2024-09-11 16:12:27,674 Left Arr: [4, 11]
2024-09-11 16:12:27,674 Right Arr: [1, 11, 20]
2024-09-11 16:12:27,675 Merge Arr: [1, 4, 11, 11, 20]
2024-09-11 16:12:27,675 Left Arr: [1, 7, 16, 17, 19]
2024-09-11 16:12:27,676 Right Arr: [1, 4, 11, 11, 20]
2024-09-11 16:12:27,676 Merge Arr: [1, 1, 4, 7, 11, 11, 16, 17, 19, 20]
2024-09-11 16:12:27,677 Left Arr: [1, 4, 7, 9, 12, 16, 17, 19, 20, 20]
2024-09-11 16:12:27,677 Right Arr: [1, 1, 4, 7, 11, 11, 16, 17, 19, 20]
2024-09-11 16:12:27,678 Merge Arr: [1, 1, 1, 4, 4, 7, 7, 9, 11, 11, 12, 16, 16, 17, 17, 19, 19, 20, 20, 20]
2024-09-11 16:12:37,125 MergeSort Debug Log
2024-09-11 16:12:37,145 Initial Arr: [8, 18, 20, 13, 16, 14, 14, 13, 18, 13, 12, 12, 7, 20, 8, 10, 12, 11, 11, 19]
2024-09-11 16:12:37,146 Before Arr: [8, 18, 20, 13, 16, 14, 14, 13, 18, 13, 12, 12, 7, 20, 8, 10, 12, 11, 11, 19]
2024-09-11 16:12:37,147 Half Arr Length: 10
2024-09-11 16:12:37,147 Before Arr: [8, 18, 20, 13, 16, 14, 14, 13, 18, 13]
2024-09-11 16:12:37,148 Half Arr Length: 5
2024-09-11 16:12:37,148 Before Arr: [8, 18, 20, 13, 16]
2024-09-11 16:12:37,149 Half Arr Length: 2
2024-09-11 16:12:37,149 Before Arr: [8, 18]
2024-09-11 16:12:37,150 Half Arr Length: 1
2024-09-11 16:12:37,150 Before Arr: [8]
2024-09-11 16:12:37,151 Before Arr: [18]
2024-09-11 16:12:37,151 Left Arr: [8]
2024-09-11 16:12:37,152 Right Arr: [18]
2024-09-11 16:12:37,153 Merge Arr: [8, 18]
2024-09-11 16:12:37,153 Before Arr: [20, 13, 16]
2024-09-11 16:12:37,154 Half Arr Length: 1
2024-09-11 16:12:37,154 Before Arr: [20]
2024-09-11 16:12:37,155 Before Arr: [13, 16]
2024-09-11 16:12:37,155 Half Arr Length: 1
2024-09-11 16:12:37,156 Before Arr: [13]
2024-09-11 16:12:37,156 Before Arr: [16]
2024-09-11 16:12:37,157 Left Arr: [13]
2024-09-11 16:12:37,157 Right Arr: [16]
2024-09-11 16:12:37,158 Merge Arr: [13, 16]
2024-09-11 16:12:37,159 Left Arr: [20]
2024-09-11 16:12:37,159 Right Arr: [13, 16]
2024-09-11 16:12:37,160 Merge Arr: [13, 16, 20]
2024-09-11 16:12:37,160 Left Arr: [8, 18]
2024-09-11 16:12:37,161 Right Arr: [13, 16, 20]
2024-09-11 16:12:37,161 Merge Arr: [8, 13, 16, 18, 20]
2024-09-11 16:12:37,162 Before Arr: [14, 14, 13, 18, 13]
2024-09-11 16:12:37,162 Half Arr Length: 2
2024-09-11 16:12:37,163 Before Arr: [14, 14]
2024-09-11 16:12:37,164 Half Arr Length: 1
2024-09-11 16:12:37,164 Before Arr: [14]
2024-09-11 16:12:37,165 Before Arr: [14]
2024-09-11 16:12:37,165 Left Arr: [14]
2024-09-11 16:12:37,166 Right Arr: [14]
2024-09-11 16:12:37,167 Merge Arr: [14, 14]
2024-09-11 16:12:37,167 Before Arr: [13, 18, 13]
2024-09-11 16:12:37,168 Half Arr Length: 1
2024-09-11 16:12:37,169 Before Arr: [13]
2024-09-11 16:12:37,169 Before Arr: [18, 13]
2024-09-11 16:12:37,170 Half Arr Length: 1
2024-09-11 16:12:37,171 Before Arr: [18]
2024-09-11 16:12:37,171 Before Arr: [13]
2024-09-11 16:12:37,172 Left Arr: [18]
2024-09-11 16:12:37,172 Right Arr: [13]
2024-09-11 16:12:37,173 Merge Arr: [13, 18]
2024-09-11 16:12:37,173 Left Arr: [13]
2024-09-11 16:12:37,174 Right Arr: [13, 18]
2024-09-11 16:12:37,174 Merge Arr: [13, 13, 18]
2024-09-11 16:12:37,175 Left Arr: [14, 14]
2024-09-11 16:12:37,176 Right Arr: [13, 13, 18]
2024-09-11 16:12:37,177 Merge Arr: [13, 13, 14, 14, 18]
2024-09-11 16:12:37,178 Left Arr: [8, 13, 16, 18, 20]
2024-09-11 16:12:37,178 Right Arr: [13, 13, 14, 14, 18]
2024-09-11 16:12:37,179 Merge Arr: [8, 13, 13, 13, 14, 14, 16, 18, 18, 20]
2024-09-11 16:12:37,179 Before Arr: [12, 12, 7, 20, 8, 10, 12, 11, 11, 19]
2024-09-11 16:12:37,180 Half Arr Length: 5
2024-09-11 16:12:37,180 Before Arr: [12, 12, 7, 20, 8]
2024-09-11 16:12:37,181 Half Arr Length: 2
2024-09-11 16:12:37,181 Before Arr: [12, 12]
2024-09-11 16:12:37,182 Half Arr Length: 1
2024-09-11 16:12:37,182 Before Arr: [12]
2024-09-11 16:12:37,183 Before Arr: [12]
2024-09-11 16:12:37,183 Left Arr: [12]
2024-09-11 16:12:37,184 Right Arr: [12]
2024-09-11 16:12:37,185 Merge Arr: [12, 12]
2024-09-11 16:12:37,185 Before Arr: [7, 20, 8]
2024-09-11 16:12:37,186 Half Arr Length: 1
2024-09-11 16:12:37,186 Before Arr: [7]
2024-09-11 16:12:37,187 Before Arr: [20, 8]
2024-09-11 16:12:37,187 Half Arr Length: 1
2024-09-11 16:12:37,188 Before Arr: [20]
2024-09-11 16:12:37,189 Before Arr: [8]
2024-09-11 16:12:37,189 Left Arr: [20]
2024-09-11 16:12:37,190 Right Arr: [8]
2024-09-11 16:12:37,190 Merge Arr: [8, 20]
2024-09-11 16:12:37,190 Left Arr: [7]
2024-09-11 16:12:37,191 Right Arr: [8, 20]
2024-09-11 16:12:37,191 Merge Arr: [7, 8, 20]
2024-09-11 16:12:37,192 Left Arr: [12, 12]
2024-09-11 16:12:37,192 Right Arr: [7, 8, 20]
2024-09-11 16:12:37,193 Merge Arr: [7, 8, 12, 12, 20]
2024-09-11 16:12:37,193 Before Arr: [10, 12, 11, 11, 19]
2024-09-11 16:12:37,194 Half Arr Length: 2
2024-09-11 16:12:37,195 Before Arr: [10, 12]
2024-09-11 16:12:37,195 Half Arr Length: 1
2024-09-11 16:12:37,196 Before Arr: [10]
2024-09-11 16:12:37,196 Before Arr: [12]
2024-09-11 16:12:37,197 Left Arr: [10]
2024-09-11 16:12:37,197 Right Arr: [12]
2024-09-11 16:12:37,198 Merge Arr: [10, 12]
2024-09-11 16:12:37,198 Before Arr: [11, 11, 19]
2024-09-11 16:12:37,199 Half Arr Length: 1
2024-09-11 16:12:37,200 Before Arr: [11]
2024-09-11 16:12:37,200 Before Arr: [11, 19]
2024-09-11 16:12:37,201 Half Arr Length: 1
2024-09-11 16:12:37,201 Before Arr: [11]
2024-09-11 16:12:37,202 Before Arr: [19]
2024-09-11 16:12:37,202 Left Arr: [11]
2024-09-11 16:12:37,203 Right Arr: [19]
2024-09-11 16:12:37,204 Merge Arr: [11, 19]
2024-09-11 16:12:37,204 Left Arr: [11]
2024-09-11 16:12:37,205 Right Arr: [11, 19]
2024-09-11 16:12:37,206 Merge Arr: [11, 11, 19]
2024-09-11 16:12:37,207 Left Arr: [10, 12]
2024-09-11 16:12:37,207 Right Arr: [11, 11, 19]
2024-09-11 16:12:37,208 Merge Arr: [10, 11, 11, 12, 19]
2024-09-11 16:12:37,208 Left Arr: [7, 8, 12, 12, 20]
2024-09-11 16:12:37,209 Right Arr: [10, 11, 11, 12, 19]
2024-09-11 16:12:37,210 Merge Arr: [7, 8, 10, 11, 11, 12, 12, 12, 19, 20]
2024-09-11 16:12:37,210 Left Arr: [8, 13, 13, 13, 14, 14, 16, 18, 18, 20]
2024-09-11 16:12:37,211 Right Arr: [7, 8, 10, 11, 11, 12, 12, 12, 19, 20]
2024-09-11 16:12:37,212 Merge Arr: [7, 8, 8, 10, 11, 11, 12, 12, 12, 13, 13, 13, 14, 14, 16, 18, 18, 19, 20, 20]
